{
  "RSpec": {
    "coverage": {
      "/home/rails/Rails/GB/gearbubble/spec/features/student_spec.rb": {
        "lines": [
          1,
          null,
          1,
          1,
          1,
          null,
          1,
          null,
          1,
          null,
          1,
          null,
          null,
          null
        ],
        "branches": {
        }
      },
      "/home/rails/Rails/GB/gearbubble/spec/rails_helper.rb": {
        "lines": [
          1,
          null,
          1,
          1,
          1,
          null,
          1,
          1,
          null,
          1,
          1,
          null,
          null,
          null,
          null,
          null,
          1,
          1,
          1,
          null,
          1,
          null,
          1,
          null,
          1,
          null,
          null,
          1,
          1,
          1,
          1,
          null,
          null
        ],
        "branches": {
          "[:if, 0, 5, 0, 5, 86]": {
            "[:then, 1, 5, 0, 5, 61]": 0,
            "[:else, 2, 5, 0, 5, 86]": 1
          }
        }
      },
      "/home/rails/Rails/GB/gearbubble/config/environment.rb": {
        "lines": [
          null,
          1,
          null,
          null,
          1
        ],
        "branches": {
        }
      },
      "/home/rails/Rails/GB/gearbubble/config/application.rb": {
        "lines": [
          1,
          null,
          1,
          null,
          null,
          null,
          1,
          null,
          1,
          1,
          null,
          1,
          null,
          null,
          null,
          null,
          null,
          null
        ],
        "branches": {
        }
      },
      "/home/rails/Rails/GB/gearbubble/config/boot.rb": {
        "lines": [
          1,
          null,
          1
        ],
        "branches": {
        }
      },
      "/home/rails/Rails/GB/gearbubble/config/environments/test.rb": {
        "lines": [
          1,
          null,
          null,
          null,
          null,
          null,
          null,
          1,
          null,
          null,
          null,
          null,
          1,
          null,
          null,
          1,
          1,
          null,
          null,
          null,
          null,
          1,
          1,
          null,
          null,
          1,
          null,
          null,
          1,
          1,
          null,
          null,
          null,
          null,
          1,
          null,
          null,
          1,
          null,
          null,
          null,
          null
        ],
        "branches": {
        }
      },
      "/home/rails/Rails/GB/gearbubble/config/initializers/application_controller_renderer.rb": {
        "lines": [
          null,
          null,
          null,
          null,
          null,
          null,
          null,
          null
        ],
        "branches": {
        }
      },
      "/home/rails/Rails/GB/gearbubble/config/initializers/assets.rb": {
        "lines": [
          null,
          null,
          null,
          1,
          null,
          null,
          null,
          null,
          1,
          null,
          null,
          null,
          null,
          null
        ],
        "branches": {
        }
      },
      "/home/rails/Rails/GB/gearbubble/config/initializers/backtrace_silencers.rb": {
        "lines": [
          null,
          null,
          null,
          null,
          null,
          null,
          null
        ],
        "branches": {
        }
      },
      "/home/rails/Rails/GB/gearbubble/config/initializers/cookies_serializer.rb": {
        "lines": [
          null,
          null,
          null,
          null,
          1
        ],
        "branches": {
        }
      },
      "/home/rails/Rails/GB/gearbubble/config/initializers/filter_parameter_logging.rb": {
        "lines": [
          null,
          null,
          null,
          1
        ],
        "branches": {
        }
      },
      "/home/rails/Rails/GB/gearbubble/config/initializers/inflections.rb": {
        "lines": [
          null,
          null,
          null,
          null,
          null,
          null,
          null,
          null,
          null,
          null,
          null,
          null,
          null,
          null,
          null,
          null
        ],
        "branches": {
        }
      },
      "/home/rails/Rails/GB/gearbubble/config/initializers/mime_types.rb": {
        "lines": [
          null,
          null,
          null,
          null
        ],
        "branches": {
        }
      },
      "/home/rails/Rails/GB/gearbubble/config/initializers/wrap_parameters.rb": {
        "lines": [
          null,
          null,
          null,
          null,
          null,
          null,
          1,
          2,
          null,
          null,
          null,
          null,
          null,
          null
        ],
        "branches": {
        }
      },
      "/home/rails/Rails/GB/gearbubble/spec/factories.rb": {
        "lines": [
          1,
          1,
          1,
          null,
          1,
          1,
          1,
          1,
          1,
          null,
          null,
          null
        ],
        "branches": {
        }
      },
      "/home/rails/Rails/GB/gearbubble/config/routes.rb": {
        "lines": [
          1,
          1,
          1,
          null
        ],
        "branches": {
        }
      },
      "/home/rails/Rails/GB/gearbubble/app/helpers/application_helper.rb": {
        "lines": [
          1,
          null,
          1,
          0,
          null,
          null,
          1,
          0,
          null,
          null
        ],
        "branches": {
        }
      },
      "/home/rails/Rails/GB/gearbubble/app/helpers/product_helper.rb": {
        "lines": [
          1,
          null
        ],
        "branches": {
        }
      },
      "/home/rails/Rails/GB/gearbubble/app/controllers/student_controller.rb": {
        "lines": [
          1,
          null,
          1,
          0,
          null,
          null,
          1,
          2,
          null,
          null,
          null,
          1,
          1,
          null,
          1,
          0,
          null,
          1,
          null,
          null,
          null,
          1,
          0,
          null,
          null,
          1,
          0,
          0,
          0,
          null,
          null,
          1,
          0,
          0,
          0,
          null,
          null,
          1,
          null,
          1,
          1,
          null,
          null
        ],
        "branches": {
          "[:if, 0, 15, 4, 19, 7]": {
            "[:then, 1, 16, 6, 16, 36]": 0,
            "[:else, 2, 18, 6, 18, 34]": 1
          }
        }
      },
      "/home/rails/Rails/GB/gearbubble/app/controllers/application_controller.rb": {
        "lines": [
          1,
          1,
          null
        ],
        "branches": {
        }
      },
      "/home/rails/Rails/GB/gearbubble/app/models/student.rb": {
        "lines": [
          1,
          1,
          null,
          1,
          1,
          null,
          1,
          1,
          null,
          1,
          0,
          null,
          null,
          1,
          0,
          0,
          0,
          0,
          0,
          null,
          null
        ],
        "branches": {
        }
      },
      "/home/rails/Rails/GB/gearbubble/app/models/application_record.rb": {
        "lines": [
          1,
          1,
          null
        ],
        "branches": {
        }
      }
    },
    "timestamp": 1634909085
  }
}
